<?xml version="1.0" encoding="UTF-8"?>
<testng-results skipped="0" failed="0" ignored="0" total="2" passed="2">
  <reporter-output>
  </reporter-output>
  <suite name="Default suite" duration-ms="6475" started-at="2022-12-07T17:04:01Z" finished-at="2022-12-07T17:04:07Z">
    <groups>
    </groups>
    <test name="Default test" duration-ms="6475" started-at="2022-12-07T17:04:01Z" finished-at="2022-12-07T17:04:07Z">
      <class name="com.smarttechqa.testNG.TestNGPractice">
        <test-method status="PASS" signature="setUp()[pri:0, instance:com.smarttechqa.testNG.TestNGPractice@2b71e916]" name="setUp" is-config="true" duration-ms="3314" started-at="2022-12-07T17:04:01Z" finished-at="2022-12-07T17:04:04Z">
          <reporter-output>
          </reporter-output>
        </test-method> <!-- setUp -->
        <test-method status="PASS" signature="googleSearch()[pri:1, instance:com.smarttechqa.testNG.TestNGPractice@2b71e916]" name="googleSearch" duration-ms="143" started-at="2022-12-07T17:04:04Z" finished-at="2022-12-07T17:04:04Z">
          <reporter-output>
          </reporter-output>
        </test-method> <!-- googleSearch -->
        <test-method status="PASS" signature="tearDown()[pri:0, instance:com.smarttechqa.testNG.TestNGPractice@2b71e916]" name="tearDown" is-config="true" duration-ms="0" started-at="2022-12-07T17:04:04Z" finished-at="2022-12-07T17:04:04Z">
          <reporter-output>
          </reporter-output>
        </test-method> <!-- tearDown -->
        <test-method status="PASS" signature="setUp()[pri:0, instance:com.smarttechqa.testNG.TestNGPractice@2b71e916]" name="setUp" is-config="true" duration-ms="2678" started-at="2022-12-07T17:04:04Z" finished-at="2022-12-07T17:04:07Z">
          <reporter-output>
          </reporter-output>
        </test-method> <!-- setUp -->
        <test-method status="PASS" signature="clickImageButton()[pri:2, instance:com.smarttechqa.testNG.TestNGPractice@2b71e916]" name="clickImageButton" duration-ms="318" started-at="2022-12-07T17:04:07Z" finished-at="2022-12-07T17:04:07Z">
          <reporter-output>
          </reporter-output>
        </test-method> <!-- clickImageButton -->
        <test-method status="PASS" signature="tearDown()[pri:0, instance:com.smarttechqa.testNG.TestNGPractice@2b71e916]" name="tearDown" is-config="true" duration-ms="0" started-at="2022-12-07T17:04:07Z" finished-at="2022-12-07T17:04:07Z">
          <reporter-output>
          </reporter-output>
        </test-method> <!-- tearDown -->
      </class> <!-- com.smarttechqa.testNG.TestNGPractice -->
    </test> <!-- Default test -->
  </suite> <!-- Default suite -->
</testng-results>
